Info: Initializing COHTML ver. 3.0.0.3
Info: Virtual allocator was not provided, falling back to the default V8 page allocator
Info: Coherent Renoir library initialized!
Info: COHTML library initialized.
Info: Inspector initialized. Remote debugging available on port: 9445
Info: Initialized application!
Warning: Unable to load font resource coui://fonts/DroidSans.ttf. Ensure the file exists and that a valid stream reader is set when responding with Finish
Warning: Unable to load font resource coui://fonts/DroidSans.ttf. Ensure the file exists.
Warning: ResourceRequestJob | Failed loading resource: coui://fonts/DroidSans.ttf
Warning: Unable to load font resource coui://fonts/DroidSans-Bold.ttf. Ensure the file exists and that a valid stream reader is set when responding with Finish
Warning: Unable to load font resource coui://fonts/DroidSans-Bold.ttf. Ensure the file exists.
Warning: ResourceRequestJob | Failed loading resource: coui://fonts/DroidSans-Bold.ttf
Warning: Unable to load font resource coui://fonts/Lora-Bold.ttf. Ensure the file exists and that a valid stream reader is set when responding with Finish
Warning: Unable to load font resource coui://fonts/Lora-Bold.ttf. Ensure the file exists.
Warning: ResourceRequestJob | Failed loading resource: coui://fonts/Lora-Bold.ttf
Warning: Unable to load font resource coui://fonts/Lora-BoldItalic.ttf. Ensure the file exists and that a valid stream reader is set when responding with Finish
Warning: Unable to load font resource coui://fonts/Lora-BoldItalic.ttf. Ensure the file exists.
Warning: ResourceRequestJob | Failed loading resource: coui://fonts/Lora-BoldItalic.ttf
Warning: Unable to load font resource coui://fonts/Lora-Italic.ttf. Ensure the file exists and that a valid stream reader is set when responding with Finish
Warning: Unable to load font resource coui://fonts/Lora-Italic.ttf. Ensure the file exists.
Warning: ResourceRequestJob | Failed loading resource: coui://fonts/Lora-Italic.ttf
Info: Initialized Render Thread!
Warning: Unable to load font resource coui://fonts/Lora-Regular.ttf. Ensure the file exists and that a valid stream reader is set when responding with Finish
Warning: Unable to load font resource coui://fonts/Lora-Regular.ttf. Ensure the file exists.
Warning: ResourceRequestJob | Failed loading resource: coui://fonts/Lora-Regular.ttf
Warning: Unable to load font resource coui://fonts/cookie-regular.ttf. Ensure the file exists and that a valid stream reader is set when responding with Finish
Warning: Unable to load font resource coui://fonts/cookie-regular.ttf. Ensure the file exists.
Warning: ResourceRequestJob | Failed loading resource: coui://fonts/cookie-regular.ttf
Warning: Space repeat type is not supported falling back to round
Warning: dashed is not supported for border-style
Warning: dotted is not supported for border-style
Warning: dashed is not supported for border-style
Warning: dotted is not supported for border-style
Warning: dashed is not supported for border-style
Warning: dotted is not supported for border-style
Warning: dashed is not supported for border-style
Warning: dotted is not supported for border-style
Warning: dashed is not supported for border-style
Warning: dotted is not supported for border-style
Warning: mask-mode Luminance currently not supported falling back to alpha
Info: Unsupported CSS property detected: list-style-type
Info: Unsupported CSS property detected: word-break
Info: Unsupported CSS property detected: interpolate-size
Warning: Unable to parse declaration: max-width - fit-content
Warning: Unable to parse declaration: text-stroke-width - initial
Info: Unsupported CSS property detected: font-width
Info: Unsupported CSS property detected: text-emphasis-style
Info: Unsupported CSS property detected: text-justify
Info: Unsupported CSS property detected: coh-custom-effect-float-param2
Info: Unsupported CSS property detected: scroll-padding-top
Warning: Unable to parse declaration: justify-content - start
Info: Unsupported CSS property detected: baseline-source
Info: Unsupported CSS property detected: position-area
Info: Unsupported CSS property detected: dominant-baseline
Warning: Unable to parse declaration: display - flow-root
Warning: Unable to parse declaration: border-bottom-style - double
Info: Unsupported CSS property detected: animation-range-start
Info: Unsupported CSS property detected: widows
Info: Unsupported CSS property detected: grid-row-start
Info: Unsupported CSS property detected: border-inline-end-style
Info: Unsupported CSS property detected: view-timeline-axis
Info: Unsupported CSS property detected: resize
Info: Unsupported CSS property detected: scroll-snap-type
Info: Unsupported CSS property detected: min-block-size
Info: Unsupported CSS property detected: column-fill
Info: Unsupported CSS property detected: font-width
Info: Unsupported CSS property detected: timeline-scope
Info: Unsupported CSS property detected: overscroll-behavior-block
Info: Unsupported CSS property detected: text-emphasis-position
Info: Unsupported CSS property detected: ruby-align
Info: Unsupported CSS property detected: overscroll-behavior
Warning: Unable to parse declaration: border-bottom-right-radius - percentages
Info: Unsupported CSS property detected: writing-mode
Info: Unsupported CSS property detected: list-style-type
Warning: Unable to parse declaration: image-rendering - optimizeQuality
Info: Unsupported CSS property detected: grid-column-end
Warning: Unable to parse declaration: max-width - min-content
Info: Unsupported CSS property detected: appearance
Info: Unsupported CSS property detected: list-style-type
Info: Unsupported CSS property detected: grid-row-end
Info: Unsupported CSS property detected: margin-trim
Info: Unsupported CSS property detected: list-style-type
Info: Unsupported CSS property detected: scrollbar-gutter
Info: Unsupported CSS property detected: grid-template-rows
Info: Unsupported CSS property detected: overflow-block
Info: Unsupported CSS property detected: position-area
Info: Unsupported CSS property detected: transform-box
Info: Unsupported CSS property detected: scroll-padding-inline-end
Info: Unsupported CSS property detected: scroll-margin-block-start
Info: Unsupported CSS property detected: border-block-start-style
Info: Unsupported CSS property detected: font-synthesis-small-caps
Info: Unsupported CSS property detected: break-after
Info: Unsupported CSS property detected: font-optical-sizing
Info: Unsupported CSS property detected: shape-outside
Info: Unsupported CSS property detected: font-variant-emoji
Info: Unsupported CSS property detected: flex-flow
Warning: Unable to parse declaration: font-variant-east-asian - jis04
Info: Unsupported CSS property detected: font-variant-numeric
Info: Unsupported CSS property detected: outline-offset
Info: Unsupported CSS property detected: scroll-margin
Info: Unsupported CSS property detected: coh-sdf
Warning: Unable to parse declaration: text-decoration-thickness - from-font
Info: Unsupported CSS property detected: scroll-padding-block
Info: Unsupported CSS property detected: touch-action
Info: Unsupported CSS property detected: appearance
Info: Unsupported CSS property detected: font-stretch
Info: Unsupported CSS property detected: math-style
Info: Unsupported CSS property detected: alignment-baseline
Info: Unsupported CSS property detected: scroll-behavior
Info: Unsupported CSS property detected: break-after
Warning: Unable to parse declaration: border-top-right-radius - percentages
Info: Unsupported CSS property detected: text-emphasis-position
Warning: Unable to parse declaration: x - initial
Info: Unsupported CSS property detected: hyphenate-character
Info: Unsupported CSS property detected: list-style-type
Info: Unsupported CSS property detected: list-style-type
Info: Unsupported CSS property detected: columns
Warning: Unable to parse declaration: display - inline-flex
Info: Unsupported CSS property detected: border-start-start-radius
Info: Unsupported CSS property detected: font-language-override
Info: Unsupported CSS property detected: custom-property
Info: Unsupported CSS property detected: padding-inline-end
Warning: Unable to parse declaration: transition-duration - initial
Info: Unsupported CSS property detected: page-break-after
Info: Unsupported CSS property detected: margin-block-start
Warning: Unable to parse declaration: text-decoration-style - double
Info: Unsupported CSS property detected: margin-trim
Info: Unsupported CSS property detected: font-variant-alternates
Info: Unsupported CSS property detected: grid-template-columns
Info: Unsupported CSS property detected: list-style-type
Info: Unsupported CSS property detected: animation-timeline
Info: Unsupported CSS property detected: position-area
Info: Unsupported CSS property detected: object-view-box
Info: Unsupported CSS property detected: outline-style
Info: Unsupported CSS property detected: position-area
Info: Unsupported CSS property detected: border-block-end-style
Info: Unsupported CSS property detected: scroll-padding-block-end
Info: Unsupported CSS property detected: font-palette
Info: Unsupported CSS property detected: speak-as
Info: Unsupported CSS property detected: position-area
Info: Unsupported CSS property detected: color-interpolation
Info: Unsupported CSS property detected: coh-custom-effect-float-param8
Info: Unsupported CSS property detected: overflow-clip-margin
Warning: Unable to parse declaration: r - initial
Info: Unsupported CSS property detected: max-block-size
Warning: Unable to parse declaration: transition-timing-function - jump
Info: Unsupported CSS property detected: place-items
Info: Unsupported CSS property detected: font-variant-alternates
Info: Unsupported CSS property detected: caption-side
Info: Unsupported CSS property detected: touch-action
Info: Unsupported CSS property detected: list-style-type
Info: Unsupported CSS property detected: writing-mode
Info: Unsupported CSS property detected: appearance
Info: Unsupported CSS property detected: position-area
Info: Unsupported CSS property detected: font-variant
Info: Unsupported CSS property detected: text-box-trim
Warning: Unable to parse declaration: border-bottom-style - ridge
Info: Unsupported CSS property detected: scroll-timeline-axis
Info: Unsupported CSS property detected: mask-composite
Info: Unsupported CSS property detected: clear
Info: Unsupported CSS property detected: unicode-bidi
Warning: Unable to parse declaration: height - min-content
Info: Unsupported CSS property detected: overscroll-behavior-x
Info: Unsupported CSS property detected: overscroll-behavior
Info: Unsupported CSS property detected: outline-style
Warning: Unable to parse declaration: font-variant-east-asian - jis83
Info: Unsupported CSS property detected: position-try-order
Info: Unsupported CSS property detected: font-variant-position
Info: Unsupported CSS property detected: list-style-type
Info: Unsupported CSS property detected: text-autospace
Info: Unsupported CSS property detected: content-visibility
Info: Unsupported CSS property detected: list-style-type
Info: Unsupported CSS property detected: text-autospace
Info: Unsupported CSS property detected: position-try-order
Info: Unsupported CSS property detected: scroll-marker-group
Warning: Unable to parse declaration: justify-content - stretch
Warning: Unable to parse declaration: align-items - start
Info: Unsupported CSS property detected: break-before
Info: Unsupported CSS property detected: grid-template-columns
Info: Unsupported CSS property detected: quotes
Warning: Unable to parse declaration: max-height - max-content
Warning: Unable to parse declaration: stroke-width - initial
Info: Unsupported CSS property detected: inset-block
Warning: Unable to parse declaration: height - fit-content
Info: Unsupported CSS property detected: grid-template-rows
Info: Unsupported CSS property detected: clear
Info: Unsupported CSS property detected: baseline-shift
Info: Unsupported CSS property detected: object-position
Info: Unsupported CSS property detected: forced-color-adjust
Info: Unsupported CSS property detected: list-style-type
Info: Unsupported CSS property detected: border-inline-width
Warning: Unable to parse declaration: border-top-style - outset
Info: Unsupported CSS property detected: text-align-last
Info: Unsupported CSS property detected: position-area
Info: Unsupported CSS property detected: text-justify
Warning: Unable to parse declaration: height - anchor-size
Info: Unsupported CSS property detected: margin-inline-start
Info: Unsupported CSS property detected: transform-box
Info: Unsupported CSS property detected: outline-width
Info: Unsupported CSS property detected: anchor-scope
Info: Unsupported CSS property detected: font-variant-caps
Info: Unsupported CSS property detected: touch-action
Info: Unsupported CSS property detected: coh-custom-effect-float-param9
Info: Unsupported CSS property detected: mask-origin
Info: Unsupported CSS property detected: hanging-punctuation
Info: Unsupported CSS property detected: appearance
Warning: Unable to parse declaration: border-left-style - double
Info: Unsupported CSS property detected: padding-inline
Warning: Unable to parse declaration: background-image - gradients
Info: Unsupported CSS property detected: inset-inline-start
Info: Unsupported CSS property detected: list-style-type
Info: Unsupported CSS property detected: font-width
Info: Unsupported CSS property detected: mask-composite
Info: Unsupported CSS property detected: column-fill
Info: Unsupported CSS property detected: flood-opacity
Info: Unsupported CSS property detected: baseline-source
Info: Unsupported CSS property detected: page-break-after
Info: Unsupported CSS property detected: place-self
Info: Unsupported CSS property detected: background-blend-mode
Info: Unsupported CSS property detected: grid-auto-rows
Info: Unsupported CSS property detected: inset-block-end
Info: Unsupported CSS property detected: border-block-start-style
Info: Unsupported CSS property detected: inset-inline-end
Info: Unsupported CSS property detected: position-area
Info: Unsupported CSS property detected: text-align-last
Info: Unsupported CSS property detected: position-area
Info: Unsupported CSS property detected: text-wrap
Info: Unsupported CSS property detected: text-autospace
Info: Unsupported CSS property detected: alignment-baseline
Info: Unsupported CSS property detected: box-direction
Info: Unsupported CSS property detected: inset-block-start
Info: Unsupported CSS property detected: vector-effect
Info: Unsupported CSS property detected: page-break-before
Warning: Unable to parse declaration: width - anchor-size
Info: Unsupported CSS property detected: list-style-type
Info: Unsupported CSS property detected: overflow-anchor
Info: Unsupported CSS property detected: math-shift
Info: Unsupported CSS property detected: offset-anchor
Info: Unsupported CSS property detected: contain-intrinsic-block-size
Info: Unsupported CSS property detected: text-align-last
Info: Unsupported CSS property detected: break-before
Warning: Unable to parse declaration: display - table-cell
Warning: Unable to parse declaration: border-image-slice - initial
Info: Unsupported CSS property detected: text-box-edge
Info: Unsupported CSS property detected: page-break-after
Info: Unsupported CSS property detected: box-decoration-break
Info: Unsupported CSS property detected: offset-path
Info: Unsupported CSS property detected: border-inline-start-style
Info: Unsupported CSS property detected: font-variant-numeric
Info: Unsupported CSS property detected: overscroll-behavior-y
Warning: Unable to parse declaration: align-self - baseline
Info: Unsupported CSS property detected: text-box-trim
Info: Unsupported CSS property detected: grid-template-columns
Info: Unsupported CSS property detected: offset-position
Info: Unsupported CSS property detected: text-wrap
Info: Unsupported CSS property detected: justify-self
Info: Unsupported CSS property detected: list-style-type
Info: Unsupported CSS property detected: list-style-type
Info: Unsupported CSS property detected: list-style-type
Info: Unsupported CSS property detected: text-emphasis-style
Info: Unsupported CSS property detected: break-after
Warning: Unable to parse declaration: border-top-style - double
Info: Unsupported CSS property detected: scroll-margin-right
Warning: Unable to parse declaration: font-weight - number
Info: Unsupported CSS property detected: position-area
Info: Unsupported CSS property detected: text-emphasis-style
Info: Unsupported CSS property detected: table-layout
Info: Unsupported CSS property detected: text-wrap-mode
Warning: Unable to parse declaration: max-height - min-content
Info: Unsupported CSS property detected: container-name
Info: Unsupported CSS property detected: background-blend-mode
Info: Unsupported CSS property detected: clear
Info: Unsupported CSS property detected: background-blend-mode
Warning: Unable to parse declaration: padding-left - initial
Info: Unsupported CSS property detected: font-variant-numeric
Info: Unsupported CSS property detected: outline-style
Info: Unsupported CSS property detected: border-block-start-style
Info: Unsupported CSS property detected: scroll-margin-top
Info: Unsupported CSS property detected: box-ordinal-group
Info: Unsupported CSS property detected: touch-action
Info: Unsupported CSS property detected: border-inline
Info: Unsupported CSS property detected: column-span
Info: Unsupported CSS property detected: grid-template-columns
Info: Unsupported CSS property detected: position-area
Info: Unsupported CSS property detected: empty-cells
Info: Unsupported CSS property detected: contain-intrinsic-height
Info: Unsupported CSS property detected: background-blend-mode
Info: Unsupported CSS property detected: text-align-last
Info: Unsupported CSS property detected: accent-color
Warning: Unable to parse declaration: text-decoration-style - wavy
Warning: Unable to parse declaration: stroke-dashoffset - initial
Info: Unsupported CSS property detected: break-after
Info: Unsupported CSS property detected: speak-as
Info: Unsupported CSS property detected: scroll-margin-bottom
Warning: Unable to parse declaration: pointer-events - visiblePainted
Info: Unsupported CSS property detected: background-attachment
Info: Unsupported CSS property detected: list-style-type
Info: Unsupported CSS property detected: background-blend-mode
Info: Unsupported CSS property detected: text-box-trim
Info: Unsupported CSS property detected: margin-block
Info: Unsupported CSS property detected: clear
Info: Unsupported CSS property detected: line-break
Info: Unsupported CSS property detected: font-variant-ligatures
Info: Unsupported CSS property detected: list-style-type
Info: Unsupported CSS property detected: list-style-type
Info: Unsupported CSS property detected: background-blend-mode
Info: Unsupported CSS property detected: position-area
Warning: Unable to parse declaration: stroke-miterlimit - initial
Warning: Unable to parse declaration: animation-timing-function - jump
Info: Unsupported CSS property detected: text-orientation
Warning: Unable to parse shorthand declaration: border-image - none 1/1/0 stretch
Info: Unsupported CSS property detected: font-stretch
Info: Unsupported CSS property detected: grid-template-rows
Info: Unsupported CSS property detected: grid-template-rows
Info: Unsupported CSS property detected: font-smooth
Info: Unsupported CSS property detected: border-block
Info: Unsupported CSS property detected: object-fit
Warning: Unable to parse declaration: mask-clip - text
Info: Unsupported CSS property detected: font-stretch
Info: Unsupported CSS property detected: text-box-trim
Info: Unsupported CSS property detected: break-before
Info: Unsupported CSS property detected: will-change
Info: Unsupported CSS property detected: counter-set
Info: Unsupported CSS property detected: view-transition-name
Info: Unsupported CSS property detected: list-style-type
Info: Unsupported CSS property detected: list-style-type
Info: Unsupported CSS property detected: interactivity
Warning: Unable to parse declaration: cy - initial
Info: Unsupported CSS property detected: mask-origin
Info: Unsupported CSS property detected: position-try-fallbacks
Warning: Unable to parse declaration: content - url
Info: Unsupported CSS property detected: overscroll-behavior-block
Warning: Unable to parse declaration: display - table-column-group
Info: Unsupported CSS property detected: font-variant-alternates
Info: Unsupported CSS property detected: border-block-color
Info: Unsupported CSS property detected: box-decoration-break
Info: Unsupported CSS property detected: unicode-bidi
Info: Unsupported CSS property detected: scroll-timeline
Warning: Unable to parse declaration: stop-color - initial
Warning: Unable to parse declaration: min-width - anchor-size
Info: Unsupported CSS property detected: contain-intrinsic-width
Info: Unsupported CSS property detected: text-justify
Info: Unsupported CSS property detected: font-stretch
Info: Unsupported CSS property detected: text-emphasis-position
Warning: Unable to parse declaration: border-bottom-left-radius - percentages
Info: Unsupported CSS property detected: field-sizing
Info: Unsupported CSS property detected: font-variant-alternates
Info: Unsupported CSS property detected: list-style-type
Warning: Unable to parse declaration: align-self - start
Info: Unsupported CSS property detected: counter-increment
Warning: Unable to parse declaration: border-right-style - double
Info: Unsupported CSS property detected: inline-size
Info: Unsupported CSS property detected: coh-custom-effect-float-param1
Info: Unsupported CSS property detected: list-style-type
Info: Unsupported CSS property detected: margin-inline
Info: Unsupported CSS property detected: page-break-inside
Info: Unsupported CSS property detected: alt
Info: Unsupported CSS property detected: margin-trim
Info: Unsupported CSS property detected: list-style-type
Info: Unsupported CSS property detected: ruby-position
Warning: Unable to parse declaration: min-height - fit-content
Info: Unsupported CSS property detected: background-clip
Warning: Unable to parse declaration: height - stretch
Info: Unsupported CSS property detected: background-blend-mode
Info: Unsupported CSS property detected: writing-mode
Warning: Unable to parse declaration: top - anchor-size
Info: Unsupported CSS property detected: word-break
Info: Unsupported CSS property detected: text-wrap-style
Warning: Unable to parse declaration: max-height - fit-content
Info: Unsupported CSS property detected: scroll-timeline-axis
Info: Unsupported CSS property detected: forced-color-adjust
Info: Unsupported CSS property detected: inset-block-end
Warning: Unable to parse declaration: border-top-style - groove
Info: Unsupported CSS property detected: overscroll-behavior-inline
Info: Unsupported CSS property detected: border-block-end-width
Info: Unsupported CSS property detected: transform-box
Info: Unsupported CSS property detected: font-variant-ligatures
Info: Unsupported CSS property detected: list-style-type
Info: Unsupported CSS property detected: position-area
Info: Unsupported CSS property detected: text-wrap
Info: Unsupported CSS property detected: font-variant-caps
Info: Unsupported CSS property detected: overflow-inline
Info: Unsupported CSS property detected: animation-composition
Info: Unsupported CSS property detected: position-area
Info: Unsupported CSS property detected: coh-custom-effect-float-param5
Info: Unsupported CSS property detected: scroll-snap-align
Info: Unsupported CSS property detected: view-timeline-axis
Info: Unsupported CSS property detected: column-count
Info: Unsupported CSS property detected: position-area
Info: Unsupported CSS property detected: font-stretch
Info: Unsupported CSS property detected: font-size-adjust
Info: Unsupported CSS property detected: inline-size
Info: Unsupported CSS property detected: scroll-timeline-axis
Info: Unsupported CSS property detected: list-style-type
Info: Unsupported CSS property detected: break-before
Info: Unsupported CSS property detected: text-wrap-mode
Warning: Unable to parse declaration: display - table-row-group
Info: Unsupported CSS property detected: break-after
Info: Unsupported CSS property detected: timeline-scope
Warning: Unable to parse declaration: display - inline-table
Info: Unsupported CSS property detected: font-variant-ligatures
Info: Unsupported CSS property detected: coh-custom-effect-string-param2
Info: Unsupported CSS property detected: position-try
Info: Unsupported CSS property detected: offset-path
Info: Unsupported CSS property detected: box-align
Warning: Unable to parse declaration: shape-rendering - initial
Warning: Unable to parse declaration: filter - initial
Info: Unsupported CSS property detected: list-style-type
Info: Unsupported CSS property detected: text-align-last
Warning: Unable to parse declaration: display - contents
Info: Unsupported CSS property detected: offset-path
Warning: Unable to parse declaration: border-left-style - groove
Info: Unsupported CSS property detected: stroke-color
Warning: Unable to parse declaration: text-decoration-style - dashed
Info: Unsupported CSS property detected: coh-custom-effect-float-param10
Info: Unsupported CSS property detected: object-fit
Info: Unsupported CSS property detected: list-style-type
Warning: Unable to parse declaration: right - anchor-size
Info: Unsupported CSS property detected: border-block-end-style
Info: Unsupported CSS property detected: text-emphasis-color
Info: Unsupported CSS property detected: list-style-type
Warning: Unable to parse declaration: stroke-dasharray - none
Info: Unsupported CSS property detected: page-break-before
Info: Unsupported CSS property detected: list-style-type
Info: Unsupported CSS property detected: offset-position
Info: Unsupported CSS property detected: list-style-type
Info: Unsupported CSS property detected: break-inside
Info: Unsupported CSS property detected: text-spacing-trim
Info: Unsupported CSS property detected: border-block-end-style
Info: Unsupported CSS property detected: mask-composite
Info: Unsupported CSS property detected: scroll-snap-type
Info: Unsupported CSS property detected: offset-rotate
Info: Unsupported CSS property detected: position-area
Info: Unsupported CSS property detected: block-size
Info: Unsupported CSS property detected: dynamic-range-limit
Info: Unsupported CSS property detected: resize
Info: Unsupported CSS property detected: print-color-adjust
Info: Unsupported CSS property detected: border-start-end-radius
Warning: Unable to parse declaration: clip-path - fill-box
Warning: Unable to parse declaration: text-transform - full-width
Info: Unsupported CSS property detected: text-autospace
Info: Unsupported CSS property detected: max-block-size
Info: Unsupported CSS property detected: grid-template-rows
Warning: Unable to parse declaration: font-style - oblique-angle
Info: Unsupported CSS property detected: hyphens
Warning: Unable to parse declaration: image-rendering - smooth
Info: Unsupported CSS property detected: grid-template-columns
Info: Unsupported CSS property detected: grid-template-rows
Warning: Unable to parse declaration: animation-duration - auto
Warning: Unable to parse declaration: pointer-events - visible
Warning: Unable to parse declaration: display - inline-grid
Info: Unsupported CSS property detected: user-modify
Warning: Unable to parse declaration: max-width - max-content
Info: Unsupported CSS property detected: grid-template-rows
Warning: Unable to parse declaration: font-variant-east-asian - ruby
Info: Unsupported CSS property detected: line-height-step
Info: Unsupported CSS property detected: object-fit
Info: Unsupported CSS property detected: text-size-adjust
Info: Unsupported CSS property detected: border-block-start-style
Warning: Unable to parse declaration: justify-content - space-evenly
Info: Unsupported CSS property detected: text-spacing-trim
Info: Unsupported CSS property detected: scroll-marker-group
Info: Unsupported CSS property detected: ime-mode
Info: Unsupported CSS property detected: orphans
Warning: Unable to parse shorthand declaration: border-style - solid dashed dotted double
Info: Unsupported CSS property detected: list-style-type
Warning: Unable to parse declaration: max-width - none
Info: Unsupported CSS property detected: coh-custom-effect-string-param1
Warning: Unable to parse declaration: text-transform - math-auto
Warning: Unable to parse declaration: min-width - fit-content
Warning: Unable to parse declaration: max-height - none
Info: Unsupported CSS property detected: position-area
Info: Unsupported CSS property detected: alignment-baseline
Info: Unsupported CSS property detected: container-type
Warning: Unable to parse declaration: transition-delay - initial
Info: Unsupported CSS property detected: text-wrap
Warning: Unable to parse declaration: mask-mode - match-source
Info: Unsupported CSS property detected: mask-origin
Warning: Unable to parse declaration: min-height - max-content
Info: Unsupported CSS property detected: font-kerning
Info: Unsupported CSS property detected: list-style-type
Info: Unsupported CSS property detected: list-style-type
Info: Unsupported CSS property detected: scroll-initial-target
Warning: Unable to parse declaration: padding-right - initial
Info: Unsupported CSS property detected: position-area
Warning: Unable to parse declaration: text-align - match-parent
Info: Unsupported CSS property detected: list-style-type
Info: Unsupported CSS property detected: marker
Warning: Unable to parse declaration: mask-clip - border
Info: Unsupported CSS property detected: mask-border
Info: Unsupported CSS property detected: overflow-inline
Info: Unsupported CSS property detected: font-variant-position
Info: Unsupported CSS property detected: max-inline-size
Info: Unsupported CSS property detected: text-spacing-trim
Info: Unsupported CSS property detected: font-variant-ligatures
Info: Unsupported CSS property detected: font-width
Info: Unsupported CSS property detected: outline-color
Info: Unsupported CSS property detected: caption-side
Warning: Unable to parse declaration: align-self - anchor-center
Warning: Unable to parse declaration: stroke - initial
Info: Unsupported CSS property detected: ruby-position
Info: Unsupported CSS property detected: offset-position
Info: Unsupported CSS property detected: position-area
Warning: Unable to parse declaration: pointer-events - painted
Info: Unsupported CSS property detected: zoom
Info: Unsupported CSS property detected: color-interpolation-filters
Warning: Unable to parse declaration: stroke-opacity - initial
Info: Unsupported CSS property detected: list-style-type
Info: Unsupported CSS property detected: scroll-margin-inline
Info: Unsupported CSS property detected: grid-column-start
Info: Unsupported CSS property detected: text-emphasis-position
Info: Unsupported CSS property detected: border-inline-end-width
Info: Unsupported CSS property detected: position-area
Warning: Unable to parse declaration: vertical-align - super
Info: Unsupported CSS property detected: list-style-type
Info: Unsupported CSS property detected: appearance
Info: Unsupported CSS property detected: font-variant-ligatures
Info: Unsupported CSS property detected: animation-range-end
Warning: Unable to parse declaration: pointer-events - visibleStroke
Warning: Unable to parse declaration: min-height - anchor-size
Info: Unsupported CSS property detected: scrollbar-width
Info: Unsupported CSS property detected: overflow-block
Info: Unsupported CSS property detected: inset-inline-start
Info: Unsupported CSS property detected: font-variant-ligatures
Info: Unsupported CSS property detected: column-span
Warning: Unable to parse declaration: text-overflow - string
Info: Unsupported CSS property detected: list-style-type
Warning: Unable to parse declaration: width - stretch
Info: Unsupported CSS property detected: ruby-align
Warning: Unable to parse declaration: align-items - anchor-center
Info: Unsupported CSS property detected: ruby-position
Info: Unsupported CSS property detected: word-spacing
Warning: Unable to parse declaration: text-underline-position - right
Info: Unsupported CSS property detected: dominant-baseline
Info: Unsupported CSS property detected: break-before
Info: Unsupported CSS property detected: min-inline-size
Info: Unsupported CSS property detected: writing-mode
Info: Unsupported CSS property detected: border-block-start-style
Info: Unsupported CSS property detected: background-blend-mode
Info: Unsupported CSS property detected: position-try-order
Warning: Unable to parse declaration: overflow-x - clip
Info: Unsupported CSS property detected: grid-template-columns
Info: Unsupported CSS property detected: page-break-inside
Info: Unsupported CSS property detected: break-inside
Warning: Unable to parse declaration: max-width - stretch
Info: Unsupported CSS property detected: break-before
Info: Unsupported CSS property detected: place-content
Warning: Unable to parse declaration: flex-basis - min-content
Info: Unsupported CSS property detected: font-variant-alternates
Info: Unsupported CSS property detected: font-stretch
Info: Unsupported CSS property detected: padding-block
Info: Unsupported CSS property detected: list-style-type
Info: Unsupported CSS property detected: list-style-type
Warning: Unable to parse declaration: min-width - stretch
Info: Unsupported CSS property detected: margin-trim
Info: Unsupported CSS property detected: font-variant
Info: Unsupported CSS property detected: line-break
Info: Unsupported CSS property detected: outline-style
Info: Unsupported CSS property detected: font-variant-numeric
Info: Unsupported CSS property detected: inset-inline-start
Info: Unsupported CSS property detected: border-inline-end-color
Info: Unsupported CSS property detected: position-try-order
Info: Unsupported CSS property detected: dominant-baseline
Info: Unsupported CSS property detected: font-width
Info: Unsupported CSS property detected: overscroll-behavior-y
Info: Unsupported CSS property detected: font-stretch
Info: Unsupported CSS property detected: scroll-padding-left
Warning: Unable to parse declaration: min-height - min-content
Info: Unsupported CSS property detected: text-emphasis-style
Info: Unsupported CSS property detected: text-emphasis-style
Info: Unsupported CSS property detected: text-emphasis-style
Info: Unsupported CSS property detected: overscroll-behavior-inline
Info: Unsupported CSS property detected: scroll-snap-type
Info: Unsupported CSS property detected: quotes
Info: Unsupported CSS property detected: background-origin
Info: Unsupported CSS property detected: border-block-start-color
Warning: Unable to parse declaration: color - initial
Info: Unsupported CSS property detected: text-size-adjust
Info: Unsupported CSS property detected: text-emphasis-style
Info: Unsupported CSS property detected: list-style-type
Info: Unsupported CSS property detected: grid-gap
Info: Unsupported CSS property detected: border-inline-start-color
Info: Unsupported CSS property detected: mask-border-width
Warning: Unable to parse declaration: animation-delay - initial
Info: Unsupported CSS property detected: position-visibility
Warning: Unable to parse declaration: caret-color - initial
Info: Unsupported CSS property detected: writing-mode
Info: Unsupported CSS property detected: background-blend-mode
Info: Unsupported CSS property detected: overflow-block
Info: Unsupported CSS property detected: inset-block-start
Warning: Unable to parse declaration: display - table-footer-group
Info: Unsupported CSS property detected: position-try-fallbacks
Warning: Unable to parse declaration: display - table-caption
Info: Unsupported CSS property detected: font-stretch
Info: Unsupported CSS property detected: alignment-baseline
Info: Unsupported CSS property detected: mask-border-outset
Info: Unsupported CSS property detected: reading-flow
Info: Unsupported CSS property detected: font-synthesis
Warning: Unable to parse declaration: clip-path - path
Info: Unsupported CSS property detected: transform-box
Info: Unsupported CSS property detected: list-style-type
Warning: Unable to parse declaration: justify-content - normal
Info: Unsupported CSS property detected: overlay
Info: Unsupported CSS property detected: box-flex
Info: Unsupported CSS property detected: grid-template-rows
Info: Unsupported CSS property detected: overscroll-behavior-x
Info: Unsupported CSS property detected: transform-box
Info: Unsupported CSS property detected: speak
Info: Unsupported CSS property detected: block-size
Info: Unsupported CSS property detected: list-style-type
Info: Unsupported CSS property detected: list-style-type
Warning: Unable to parse declaration: box-shadow - inset
Warning: Unable to parse declaration: fill - initial
Info: Unsupported CSS property detected: position-area
Warning: Unable to parse declaration: text-decoration-line - spelling-error
Info: Unsupported CSS property detected: hanging-punctuation
Info: Unsupported CSS property detected: appearance
Info: Unsupported CSS property detected: dominant-baseline
Info: Unsupported CSS property detected: mask-border-source
Info: Unsupported CSS property detected: scroll-marker-group
Info: Unsupported CSS property detected: list-style-type
Info: Unsupported CSS property detected: text-autospace
Info: Unsupported CSS property detected: text-decoration-skip-ink
Info: Unsupported CSS property detected: column-width
Info: Unsupported CSS property detected: position-area
Warning: Unable to parse declaration: right - anchor
Info: Unsupported CSS property detected: container-type
Info: Unsupported CSS property detected: font-synthesis
Info: Unsupported CSS property detected: object-fit
Info: Unsupported CSS property detected: grid-area
Info: Unsupported CSS property detected: position-area
Info: Unsupported CSS property detected: hanging-punctuation
Warning: Unable to parse shorthand declaration: font - italic small-caps bold 16px/1.5 Arial
Info: Unsupported CSS property detected: dynamic-range-limit
Info: Unsupported CSS property detected: animation-range
Info: Unsupported CSS property detected: text-indent
Info: Unsupported CSS property detected: counter-reset
Info: Unsupported CSS property detected: overflow-anchor
Warning: Unable to parse declaration: display - ruby-base-container
Info: Unsupported CSS property detected: margin-trim
Warning: Unable to parse declaration: align-items - normal
Info: Unsupported CSS property detected: border-spacing
Info: Unsupported CSS property detected: offset-path
Warning: Unable to parse declaration: flex-shrink - initial
Info: Unsupported CSS property detected: justify-items
Info: Unsupported CSS property detected: break-after
Info: Unsupported CSS property detected: scroll-snap-type
Info: Unsupported CSS property detected: dominant-baseline
Info: Unsupported CSS property detected: counter-increment
Info: Unsupported CSS property detected: background-blend-mode
Info: Unsupported CSS property detected: text-align-last
Info: Unsupported CSS property detected: text-wrap-style
Info: Unsupported CSS property detected: font-variant-numeric
Warning: Unable to parse declaration: text-stroke-color - initial
Info: Unsupported CSS property detected: position-visibility
Info: Unsupported CSS property detected: text-combine-upright
Info: Unsupported CSS property detected: break-after
Info: Unsupported CSS property detected: justify-items
Warning: Unable to parse declaration: d - initial
Info: Unsupported CSS property detected: font-variant-emoji
Info: Unsupported CSS property detected: break-after
Warning: Unable to parse declaration: clip-path - stroke-box
Warning: Unable to parse declaration: border-right-style - ridge
Info: Unsupported CSS property detected: object-fit
Info: Unsupported CSS property detected: grid-template
Info: Unsupported CSS property detected: color-scheme
Warning: Unable to parse shorthand declaration: mask - none add
Warning: Unable to parse declaration: text-decoration-line - blink
Info: Unsupported CSS property detected: list-style-type
Info: Unsupported CSS property detected: appearance
Info: Unsupported CSS property detected: overflow-inline
Warning: Unable to parse declaration: cx - initial
Info: Unsupported CSS property detected: list-style-type
Info: Unsupported CSS property detected: box-lines
Info: Unsupported CSS property detected: offset-position
Info: Unsupported CSS property detected: min-inline-size
Info: Unsupported CSS property detected: font-variant-caps
Info: Unsupported CSS property detected: inline-size
Info: Unsupported CSS property detected: font-variant-caps
Info: Unsupported CSS property detected: justify-self
Info: Unsupported CSS property detected: field-sizing
Info: Unsupported CSS property detected: border-collapse
Warning: Unable to parse declaration: visibility - collapse
Info: Unsupported CSS property detected: font-synthesis-weight
Info: Unsupported CSS property detected: content-visibility
Info: Unsupported CSS property detected: writing-mode
Warning: Unable to parse declaration: align-content - space-evenly
Info: Unsupported CSS property detected: justify-items
Info: Unsupported CSS property detected: line-break
Info: Unsupported CSS property detected: inset-inline-end
Info: Unsupported CSS property detected: ruby-position
Info: Unsupported CSS property detected: shape-outside
Info: Unsupported CSS property detected: inset-block
Info: Unsupported CSS property detected: border-block-style
Info: Unsupported CSS property detected: list-style-type
Info: Unsupported CSS property detected: font-width
Info: Unsupported CSS property detected: caption-side
Warning: Unable to parse declaration: max-width - anchor-size
Info: Unsupported CSS property detected: grid-template-columns
Info: Unsupported CSS property detected: contain-intrinsic-inline-size
Warning: Unable to parse declaration: text-align - end
Info: Unsupported CSS property detected: resize
Info: Unsupported CSS property detected: overflow-block
Info: Unsupported CSS property detected: outline-style
Info: Unsupported CSS property detected: position-visibility
Info: Unsupported CSS property detected: font-variant
Info: Unsupported CSS property detected: outline-style
Info: Unsupported CSS property detected: background-attachment
Info: Unsupported CSS property detected: caption-side
Info: Unsupported CSS property detected: justify-items
Info: Unsupported CSS property detected: list-style-type
Info: Unsupported CSS property detected: max-inline-size
Info: Unsupported CSS property detected: max-inline-size
Info: Unsupported CSS property detected: justify-self
Info: Unsupported CSS property detected: list-style-type
Info: Unsupported CSS property detected: text-decoration-skip
Info: Unsupported CSS property detected: dominant-baseline
Info: Unsupported CSS property detected: shape-outside
Info: Unsupported CSS property detected: text-wrap
Info: Unsupported CSS property detected: scroll-padding-inline-start
Info: Unsupported CSS property detected: page-break-after
Info: Unsupported CSS property detected: list-style-type
Info: Unsupported CSS property detected: border-inline-end
Info: Unsupported CSS property detected: margin-block-end
Warning: Unable to parse declaration: padding-top - initial
Warning: Unable to parse declaration: align-content - space-around
Info: Unsupported CSS property detected: font-variant-emoji
Info: Unsupported CSS property detected: word-break
Info: Unsupported CSS property detected: scroll-behavior
Warning: Unable to parse declaration: display - ruby-text-container
Info: Unsupported CSS property detected: background-clip
Info: Unsupported CSS property detected: offset-anchor
Info: Unsupported CSS property detected: scroll-snap-align
Info: Unsupported CSS property detected: unicode-bidi
Info: Unsupported CSS property detected: writing-mode
Info: Unsupported CSS property detected: line-clamp
Warning: Unable to parse declaration: stop-opacity - initial
Info: Unsupported CSS property detected: float
Info: Unsupported CSS property detected: font-variant-alternates
Info: Unsupported CSS property detected: float
Info: Unsupported CSS property detected: translate
Info: Unsupported CSS property detected: hyphens
Info: Unsupported CSS property detected: scroll-snap-align
Info: Unsupported CSS property detected: position-try-fallbacks
Info: Unsupported CSS property detected: margin-trim
Info: Unsupported CSS property detected: offset-path
Info: Unsupported CSS property detected: background-blend-mode
Warning: Unable to parse declaration: max-height - stretch
Info: Unsupported CSS property detected: overflow-inline
Info: Unsupported CSS property detected: grid-auto-flow
Info: Unsupported CSS property detected: image-orientation
Info: Unsupported CSS property detected: border-block-start
Info: Unsupported CSS property detected: scrollbar-gutter
Info: Unsupported CSS property detected: background-blend-mode
Info: Unsupported CSS property detected: grid-row
Info: Unsupported CSS property detected: break-after
Warning: Unable to parse declaration: background-image - image-set
Info: Unsupported CSS property detected: anchor-scope
Info: Unsupported CSS property detected: white-space-collapse
Warning: Unable to parse declaration: width - fit-content
Warning: Unable to parse declaration: vertical-align - bottom
Info: Unsupported CSS property detected: shape-outside
Info: Unsupported CSS property detected: text-orientation
Info: Unsupported CSS property detected: appearance
Info: Unsupported CSS property detected: list-style-type
Info: Unsupported CSS property detected: counter-reset
Info: Unsupported CSS property detected: offset-position
Warning: Unable to parse declaration: align-content - space-between
Warning: Unable to parse declaration: display - grid
Info: Unsupported CSS property detected: break-before
Info: Unsupported CSS property detected: writing-mode
Info: Unsupported CSS property detected: justify-items
Info: Unsupported CSS property detected: list-style-type
Info: Unsupported CSS property detected: overscroll-behavior-block
Info: Unsupported CSS property detected: font-variant-numeric
Warning: Unable to parse declaration: border-top-left-radius - percentages
Info: Unsupported CSS property detected: overscroll-behavior-y
Info: Unsupported CSS property detected: font-feature-settings
Info: Unsupported CSS property detected: list-style-type
Info: Unsupported CSS property detected: baseline-shift
Info: Unsupported CSS property detected: font-variant-ligatures
Info: Unsupported CSS property detected: text-wrap-style
Info: Unsupported CSS property detected: font-synthesis
Warning: Unable to parse declaration: pointer-events - stroke
Info: Unsupported CSS property detected: border-end-start-radius
Warning: Unable to parse declaration: min-width - max-content
Info: Unsupported CSS property detected: grid
Info: Unsupported CSS property detected: font-synthesis
Info: Unsupported CSS property detected: background-blend-mode
Info: Unsupported CSS property detected: offset-anchor
Info: Unsupported CSS property detected: background-clip
Info: Unsupported CSS property detected: touch-action
Info: Unsupported CSS property detected: container
Info: Unsupported CSS property detected: grid-template-columns
Info: Unsupported CSS property detected: will-change
Info: Unsupported CSS property detected: scroll-padding-right
Info: Unsupported CSS property detected: list-style-position
Info: Unsupported CSS property detected: dynamic-range-limit
Info: Unsupported CSS property detected: list-style-type
Info: Unsupported CSS property detected: break-before
Info: Unsupported CSS property detected: border-end-end-radius
Info: Unsupported CSS property detected: word-break
Warning: Unable to parse declaration: margin-top - anchor-size
Info: Unsupported CSS property detected: line-break
Info: Unsupported CSS property detected: will-change
Info: Unsupported CSS property detected: border-inline-start-style
Info: Unsupported CSS property detected: font-variant-emoji
Warning: Unable to parse declaration: min-height - stretch
Info: Unsupported CSS property detected: scroll-margin-inline-start
Info: Unsupported CSS property detected: shape-outside
Info: Unsupported CSS property detected: overscroll-behavior
Warning: Unable to parse declaration: user-select - contain
Info: Unsupported CSS property detected: forced-color-adjust
Info: Unsupported CSS property detected: overscroll-behavior-inline
Info: Unsupported CSS property detected: border-inline-style
Info: Unsupported CSS property detected: max-block-size
Info: Unsupported CSS property detected: order
Warning: Unable to parse declaration: mask-repeat - initial
Info: Unsupported CSS property detected: border-block-width
Info: Unsupported CSS property detected: offset-path
Warning: Unable to parse declaration: align-self - end
Info: Unsupported CSS property detected: padding-block-end
Info: Unsupported CSS property detected: color-adjust
Info: Unsupported CSS property detected: justify-self
Warning: Unable to parse declaration: font-size - math
Info: Unsupported CSS property detected: list-style-type
Info: Unsupported CSS property detected: scroll-timeline-axis
Warning: Unable to parse declaration: border-bottom-style - outset
Info: Unsupported CSS property detected: interpolate-size
Info: Unsupported CSS property detected: speak-as
Info: Unsupported CSS property detected: list-style-type
Warning: Unable to parse declaration: border-left-style - outset
Info: Unsupported CSS property detected: break-before
Info: Unsupported CSS property detected: grid-template-columns
Info: Unsupported CSS property detected: text-spacing-trim
Info: Unsupported CSS property detected: grid-template-columns
Info: Unsupported CSS property detected: page-break-before
Info: Unsupported CSS property detected: position-area
Info: Unsupported CSS property detected: margin-inline-end
Warning: Unable to parse declaration: position - sticky
Info: Unsupported CSS property detected: min-inline-size
Info: Unsupported CSS property detected: list-style-type
Info: Unsupported CSS property detected: grid-template-rows
Info: Unsupported CSS property detected: coh-custom-effect-float-param6
Info: Unsupported CSS property detected: offset-distance
Info: Unsupported CSS property detected: block-size
Info: Unsupported CSS property detected: list-style-type
Warning: Unable to parse declaration: flex-basis - content
Info: Unsupported CSS property detected: overflow-clip-margin
Info: Unsupported CSS property detected: justify-self
Info: Unsupported CSS property detected: float
Info: Unsupported CSS property detected: border-inline-end-style
Info: Unsupported CSS property detected: break-before
Info: Unsupported CSS property detected: text-emphasis-position
Info: Unsupported CSS property detected: coh-custom-effect-float-param3
Info: Unsupported CSS property detected: overflow-block
Info: Unsupported CSS property detected: offset-anchor
Warning: Unable to parse declaration: flex-grow - initial
Warning: Unable to parse declaration: vertical-align - sub
Info: Unsupported CSS property detected: inset-block
Info: Unsupported CSS property detected: offset-anchor
Info: Unsupported CSS property detected: overflow-inline
Info: Unsupported CSS property detected: text-decoration-skip-ink
Warning: Unable to parse declaration: display - list-item
Info: Unsupported CSS property detected: font-synthesis-style
Info: Unsupported CSS property detected: grid-auto-flow
Warning: Unable to parse declaration: text-transform - full-size-kana
Info: Unsupported CSS property detected: appearance
Info: Unsupported CSS property detected: offset-anchor
Info: Unsupported CSS property detected: list-style-type
Info: Unsupported CSS property detected: background-blend-mode
Info: Unsupported CSS property detected: inset-inline
Info: Unsupported CSS property detected: animation-timeline
Warning: Unable to parse declaration: text-decoration-color - initial
Info: Unsupported CSS property detected: coh-custom-effect-float-param11
Info: Unsupported CSS property detected: font-stretch
Info: Unsupported CSS property detected: touch-action
Info: Unsupported CSS property detected: scroll-padding-inline
Info: Unsupported CSS property detected: page
Warning: Unable to parse declaration: display - table
Info: Unsupported CSS property detected: list-style-type
Info: Unsupported CSS property detected: justify-self
Warning: Unable to parse declaration: content - gradient
Info: Unsupported CSS property detected: scrollbar-color
Info: Unsupported CSS property detected: view-timeline-name
Info: Unsupported CSS property detected: list-style-type
Info: Unsupported CSS property detected: padding-block-start
Info: Unsupported CSS property detected: font-optical-sizing
Warning: Unable to parse declaration: vertical-align - top
Info: Unsupported CSS property detected: resize
Info: Unsupported CSS property detected: font-synthesis-weight
Info: Unsupported CSS property detected: background-origin
Info: Unsupported CSS property detected: list-style-type
Info: Unsupported CSS property detected: list-style-position
Info: Unsupported CSS property detected: scroll-margin-left
Warning: Unable to parse declaration: mix-blend-mode - plus-darker
Info: Unsupported CSS property detected: position-area
Info: Unsupported CSS property detected: mask-origin
Info: Unsupported CSS property detected: font-variant-alternates
Info: Unsupported CSS property detected: hanging-punctuation
Info: Unsupported CSS property detected: word-break
Warning: Unable to parse declaration: contain - inline-size
Warning: Unable to parse declaration: offset - initial
Info: Unsupported CSS property detected: touch-action
Info: Unsupported CSS property detected: view-timeline-axis
Info: Unsupported CSS property detected: overflow-clip-margin
Info: Unsupported CSS property detected: font-palette
Info: Unsupported CSS property detected: hyphens
Info: Unsupported CSS property detected: outline-style
Info: Unsupported CSS property detected: list-style-type
Info: Unsupported CSS property detected: appearance
Warning: Unable to parse declaration: align-items - end
Info: Unsupported CSS property detected: appearance
Info: Unsupported CSS property detected: position-area
Info: Unsupported CSS property detected: image-orientation
Info: Unsupported CSS property detected: list-style
Warning: Unable to parse declaration: max-height - anchor-size
Info: Unsupported CSS property detected: coh-custom-effect-float-param12
Info: Unsupported CSS property detected: list-style-type
Info: Unsupported CSS property detected: font-variant
Warning: Unable to parse declaration: align-content - end
Info: Unsupported CSS property detected: list-style-type
Info: Unsupported CSS property detected: scroll-snap-stop
Info: Unsupported CSS property detected: coh-custom-effect-float-param7
Info: Unsupported CSS property detected: alignment-baseline
Info: Unsupported CSS property detected: paint-order
Info: Unsupported CSS property detected: appearance
Info: Unsupported CSS property detected: shape-outside
Warning: Unable to parse declaration: border-bottom-style - inset
Warning: Unable to parse declaration: min-width - min-content
Info: Unsupported CSS property detected: list-style-type
Warning: Unable to parse declaration: text-decoration-line - grammar-error
Info: Unsupported CSS property detected: list-style-type
Info: Unsupported CSS property detected: resize
Warning: Unable to parse declaration: clip-path - view-box
Warning: Unable to parse declaration: display - ruby
Info: Unsupported CSS property detected: shape-outside
Info: Unsupported CSS property detected: border-block-end
Info: Unsupported CSS property detected: list-style-type
Warning: Unable to parse declaration: flex-basis - max-content
Info: Unsupported CSS property detected: outline
Info: Unsupported CSS property detected: inset-block-start
Warning: Unable to parse declaration: width - max-content
Warning: Unable to parse shorthand declaration: overflow - hidden scroll
Info: Unsupported CSS property detected: unicode-bidi
Info: Unsupported CSS property detected: background-attachment
Warning: Unable to parse declaration: justify-content - end
Warning: Unable to parse declaration: mask-clip - content
Warning: Unable to parse declaration: mix-blend-mode - plus-lighter
Info: Unsupported CSS property detected: font-variant-ligatures
Info: Unsupported CSS property detected: list-style-type
Info: Unsupported CSS property detected: mask-border-repeat
Info: Unsupported CSS property detected: list-style-type
Info: Unsupported CSS property detected: background-clip
Info: Unsupported CSS property detected: white-space-collapse
Info: Unsupported CSS property detected: appearance
Info: Unsupported CSS property detected: view-timeline-inset
Info: Unsupported CSS property detected: border-inline-start
Info: Unsupported CSS property detected: break-after
Info: Unsupported CSS property detected: list-style-type
Info: Unsupported CSS property detected: offset-path
Info: Unsupported CSS property detected: anchor-name
Warning: Unable to parse declaration: margin-bottom - anchor-size
Info: Unsupported CSS property detected: caption-side
Info: Unsupported CSS property detected: will-change
Warning: Unable to parse declaration: margin-left - anchor-size
Info: Unsupported CSS property detected: position-area
Info: Unsupported CSS property detected: font-size-adjust
Info: Unsupported CSS property detected: appearance
Info: Unsupported CSS property detected: padding-inline-start
Warning: Unable to parse declaration: border-image-outset - initial
Info: Unsupported CSS property detected: column-rule-width
Info: Unsupported CSS property detected: lighting-color
Info: Unsupported CSS property detected: font-synthesis-small-caps
Info: Unsupported CSS property detected: dominant-baseline
Info: Unsupported CSS property detected: offset-path
Info: Unsupported CSS property detected: color-scheme
Info: Unsupported CSS property detected: list-style-type
Info: Unsupported CSS property detected: list-style-type
Info: Unsupported CSS property detected: list-style-type
Info: Unsupported CSS property detected: marker-mid
Info: Unsupported CSS property detected: position-area
Info: Unsupported CSS property detected: container-type
Info: Unsupported CSS property detected: print-color-adjust
Info: Unsupported CSS property detected: list-style-image
Info: Unsupported CSS property detected: speak-as
Info: Unsupported CSS property detected: outline-style
Info: Unsupported CSS property detected: direction
Info: Unsupported CSS property detected: writing-mode
Info: Unsupported CSS property detected: counter-reset
Info: Unsupported CSS property detected: font-synthesis-position
Info: Unsupported CSS property detected: list-style-type
Info: Unsupported CSS property detected: writing-mode
Info: Unsupported CSS property detected: contain-intrinsic-size
Info: Unsupported CSS property detected: mask-origin
Info: Unsupported CSS property detected: border-block-end-color
Info: Unsupported CSS property detected: inset-inline
Info: Unsupported CSS property detected: list-style-type
Info: Unsupported CSS property detected: font-variant-caps
Info: Unsupported CSS property detected: marker-end
Info: Unsupported CSS property detected: border-collapse
Info: Unsupported CSS property detected: list-style-type
Info: Unsupported CSS property detected: coh-custom-effect-float-param4
Warning: Unable to parse declaration: margin-right - anchor-size
Info: Unsupported CSS property detected: scroll-snap-type
Info: Unsupported CSS property detected: list-style-type
Warning: Unable to parse declaration: content - image-set
Info: Unsupported CSS property detected: grid-auto-columns
Info: Unsupported CSS property detected: box-orient
Info: Unsupported CSS property detected: justify-items
Info: Unsupported CSS property detected: font-palette
Info: Unsupported CSS property detected: scroll-padding-bottom
Warning: Unable to parse declaration: coh-partitioned - 1
Info: Unsupported CSS property detected: list-style-type
Info: Unsupported CSS property detected: text-wrap-style
Info: Unsupported CSS property detected: white-space-collapse
Info: Unsupported CSS property detected: mask-origin
Info: Unsupported CSS property detected: column-rule
Info: Unsupported CSS property detected: inset-inline-end
Info: Unsupported CSS property detected: inset-inline
Info: Unsupported CSS property detected: direction
Info: Unsupported CSS property detected: font-stretch
Warning: Unable to parse declaration: font-variant-east-asian - simplified
Info: Unsupported CSS property detected: break-inside
Info: Unsupported CSS property detected: page-break-after
Info: Unsupported CSS property detected: border-inline-start-style
Warning: Unable to parse declaration: bottom - anchor-size
Warning: Unable to parse declaration: pointer-events - visibleFill
Info: Unsupported CSS property detected: page-break-before
Info: Unsupported CSS property detected: white-space-collapse
Info: Unsupported CSS property detected: column-rule-color
Info: Unsupported CSS property detected: scroll-padding
Warning: Unable to parse declaration: background-image - image-rect
Info: Unsupported CSS property detected: font-variation-settings
Warning: Unable to parse declaration: opacity - percentages
Info: Unsupported CSS property detected: white-space-collapse
Info: Unsupported CSS property detected: font-variant-numeric
Warning: Unable to parse declaration: ry - initial
Warning: Unable to parse shorthand declaration: background - red none repeat 0% 0% auto scroll padding-box border-box
Info: Unsupported CSS property detected: border-inline-start-style
Info: Unsupported CSS property detected: scroll-margin-block-end
Info: Unsupported CSS property detected: break-before
Info: Unsupported CSS property detected: list-style-type
Info: Unsupported CSS property detected: text-decoration-skip-ink
Info: Unsupported CSS property detected: offset-path
Info: Unsupported CSS property detected: overscroll-behavior-x
Info: Unsupported CSS property detected: font-variant-caps
Warning: Unable to parse declaration: align-content - start
Warning: Unable to parse declaration: border-right-style - inset
Info: Unsupported CSS property detected: scroll-initial-target
Info: Unsupported CSS property detected: alignment-baseline
Warning: Unable to parse declaration: font-variant-east-asian - jis90
Info: Unsupported CSS property detected: scroll-padding-block-start
Info: Unsupported CSS property detected: baseline-source
Info: Unsupported CSS property detected: list-style-type
Warning: Unable to parse declaration: background-color - initial
Info: Unsupported CSS property detected: interactivity
Info: Unsupported CSS property detected: font-kerning
Info: Unsupported CSS property detected: list-style-type
Info: Unsupported CSS property detected: list-style-type
Info: Unsupported CSS property detected: appearance
Info: Unsupported CSS property detected: background-origin
Info: Unsupported CSS property detected: container-type
Warning: Unable to parse declaration: white-space - break-spaces
Info: Unsupported CSS property detected: math-depth
Info: Unsupported CSS property detected: font-variant
Info: Unsupported CSS property detected: table-layout
Info: Unsupported CSS property detected: clear
Warning: Unable to parse declaration: coh-simple-opacity - 1
Warning: Unable to parse declaration: display - table-row
Info: Unsupported CSS property detected: list-style-type
Info: Unsupported CSS property detected: position-try-fallbacks
Info: Unsupported CSS property detected: baseline-shift
Warning: Unable to parse declaration: align-content - normal
Info: Unsupported CSS property detected: box-pack
Warning: Unable to parse declaration: image-rendering - optimizeSpeed
Info: Unsupported CSS property detected: text-emphasis
Info: Unsupported CSS property detected: border-inline-start-width
Info: Unsupported CSS property detected: position-area
Info: Unsupported CSS property detected: font-width
Info: Unsupported CSS property detected: float
Info: Unsupported CSS property detected: color-scheme
Warning: Unable to parse declaration: pointer-events - all
Info: Unsupported CSS property detected: outline-style
Info: Unsupported CSS property detected: border-inline-color
Info: Unsupported CSS property detected: scroll-snap-align
Info: Unsupported CSS property detected: scroll-margin-inline-end
Info: Unsupported CSS property detected: list-style-type
Info: Unsupported CSS property detected: list-style-type
Info: Unsupported CSS property detected: list-style-type
Info: Unsupported CSS property detected: font-synthesis-style
Info: Unsupported CSS property detected: min-inline-size
Info: Unsupported CSS property detected: ruby-align
Warning: Unable to parse declaration: transform - initial
Warning: Unable to parse declaration: border-right-style - outset
Info: Unsupported CSS property detected: text-align-last
Info: Unsupported CSS property detected: scroll-timeline-name
Info: Unsupported CSS property detected: margin-trim
Info: Unsupported CSS property detected: word-spacing
Warning: Unable to parse declaration: mask-clip - padding
Warning: Unable to parse declaration: user-select - all
Info: Unsupported CSS property detected: list-style-type
Info: Unsupported CSS property detected: background-blend-mode
Info: Unsupported CSS property detected: break-after
Info: Unsupported CSS property detected: float
Info: Unsupported CSS property detected: grid-auto-flow
Info: Unsupported CSS property detected: will-change
Info: Unsupported CSS property detected: touch-action
Info: Unsupported CSS property detected: justify-items
Warning: Unable to parse declaration: y - initial
Info: Unsupported CSS property detected: min-block-size
Info: Unsupported CSS property detected: hyphenate-limit-chars
Warning: Unable to parse declaration: font-variant-east-asian - traditional
Warning: Unable to parse declaration: display - math
Info: Unsupported CSS property detected: unicode-bidi
Info: Unsupported CSS property detected: max-block-size
Info: Unsupported CSS property detected: mask-border-slice
Info: Unsupported CSS property detected: position-anchor
Info: Unsupported CSS property detected: ruby-overhang
Info: Unsupported CSS property detected: border-inline-end-style
Info: Unsupported CSS property detected: counter-set
Warning: Unable to parse declaration: border-right-style - groove
Info: Unsupported CSS property detected: view-transition-class
Info: Unsupported CSS property detected: box-flex-group
Warning: Unable to parse declaration: backdrop-filter - initial
Warning: Unable to parse declaration: flex-basis - fit-content
Info: Unsupported CSS property detected: background-blend-mode
Info: Unsupported CSS property detected: offset-rotate
Info: Unsupported CSS property detected: caption-side
Info: Unsupported CSS property detected: justify-items
Warning: Unable to parse declaration: text-decoration-thickness - percentage
Info: Unsupported CSS property detected: ruby-align
Info: Unsupported CSS property detected: scrollbar-width
Info: Unsupported CSS property detected: touch-action
Warning: Unable to parse declaration: border-left-style - inset
Warning: Unable to parse declaration: font-variant-east-asian - full-width
Info: Unsupported CSS property detected: text-box
Warning: Unable to parse declaration: font-variant-east-asian - jis78
Info: Unsupported CSS property detected: font-variant
Info: Unsupported CSS property detected: font-variant-caps
Info: Unsupported CSS property detected: list-style-type
Info: Unsupported CSS property detected: position-area
Info: Unsupported CSS property detected: view-timeline-axis
Info: Unsupported CSS property detected: break-after
Info: Unsupported CSS property detected: inset
Info: Unsupported CSS property detected: scale
Warning: Unable to parse declaration: pointer-events - fill
Info: Unsupported CSS property detected: glyph-orientation-vertical
Info: Unsupported CSS property detected: shape-image-threshold
Info: Unsupported CSS property detected: list-style-type
Info: Unsupported CSS property detected: page-break-before
Info: Unsupported CSS property detected: font-synthesis-position
Warning: Unable to parse declaration: text-decoration-style - dotted
Info: Unsupported CSS property detected: offset-position
Warning: Unable to parse declaration: text-underline-position - from-font
Info: Unsupported CSS property detected: font-variant-ligatures
Warning: Unable to parse declaration: text-anchor - initial
Warning: Unable to parse declaration: left - anchor-size
Info: Unsupported CSS property detected: scroll-margin-block
Info: Unsupported CSS property detected: justify-self
Info: Unsupported CSS property detected: border-inline-end-style
Warning: Unable to parse declaration: border-bottom-style - groove
Info: Unsupported CSS property detected: list-style-type
Info: Unsupported CSS property detected: view-timeline
Info: Unsupported CSS property detected: column-rule-style
Info: Unsupported CSS property detected: empty-cells
Warning: Unable to parse declaration: top - anchor
Info: Unsupported CSS property detected: max-inline-size
Info: Unsupported CSS property detected: text-indent
Warning: Unable to parse declaration: display - table-header-group
Info: Unsupported CSS property detected: line-break
Info: Unsupported CSS property detected: position-try-order
Info: Unsupported CSS property detected: unicode-bidi
Info: Unsupported CSS property detected: speak-as
Warning: Unable to parse declaration: align-items - baseline
Warning: Unable to parse declaration: padding-bottom - initial
Info: Unsupported CSS property detected: text-size-adjust
Info: Unsupported CSS property detected: list-style-type
Info: Unsupported CSS property detected: position-area
Warning: Unable to parse declaration: border-top-style - ridge
Info: Unsupported CSS property detected: position-area
Info: Unsupported CSS property detected: border-block-end-style
Info: Unsupported CSS property detected: overlay
Info: Unsupported CSS property detected: appearance
Warning: Unable to parse declaration: display - inline-block
Warning: Unable to parse declaration: bottom - anchor
Info: Unsupported CSS property detected: font-variant-ligatures
Info: Unsupported CSS property detected: mask-composite
Info: Unsupported CSS property detected: grid-template-rows
Info: Unsupported CSS property detected: grid-template-areas
Info: Unsupported CSS property detected: tab-size
Info: Unsupported CSS property detected: block-size
Info: Unsupported CSS property detected: content-visibility
Info: Unsupported CSS property detected: font-kerning
Info: Unsupported CSS property detected: shape-margin
Info: Unsupported CSS property detected: border-inline-start-style
Info: Unsupported CSS property detected: text-decoration-skip
Info: Unsupported CSS property detected: touch-action
Info: Unsupported CSS property detected: scrollbar-width
Info: Unsupported CSS property detected: list-style-type
Info: Unsupported CSS property detected: clip
Info: Unsupported CSS property detected: writing-mode
Warning: Unable to parse declaration: height - max-content
Info: Unsupported CSS property detected: text-justify
Info: Unsupported CSS property detected: appearance
Info: Unsupported CSS property detected: list-style-type
Info: Unsupported CSS property detected: initial-letter
Info: Unsupported CSS property detected: inset-block-end
Info: Unsupported CSS property detected: break-before
Info: Unsupported CSS property detected: inline-size
Info: Unsupported CSS property detected: list-style-type
Info: Unsupported CSS property detected: min-block-size
Info: Unsupported CSS property detected: clear
Warning: Unable to parse declaration: width - min-content
Info: Unsupported CSS property detected: font-size-adjust
Info: Unsupported CSS property detected: scroll-snap-type
Warning: Unable to parse declaration: fill-opacity - initial
Info: Unsupported CSS property detected: offset-position
Warning: Unable to parse declaration: overflow-y - clip
Warning: Unable to parse declaration: rx - initial
Info: Unsupported CSS property detected: background-clip
Info: Unsupported CSS property detected: ruby-overhang
Info: Unsupported CSS property detected: offset-path
Info: Unsupported CSS property detected: position-area
Warning: Unable to parse declaration: display - ruby-base
Info: Unsupported CSS property detected: flood-color
Warning: Unable to parse declaration: text-underline-offset - percentage
Warning: Unable to parse declaration: display - ruby-text
Info: Unsupported CSS property detected: text-orientation
Info: Unsupported CSS property detected: font-variant-position
Info: Unsupported CSS property detected: grid-column
Info: Unsupported CSS property detected: border-inline-end-style
Info: Unsupported CSS property detected: border-block-start-width
Info: Unsupported CSS property detected: offset-path
Info: Unsupported CSS property detected: font-width
Warning: Unable to parse declaration: white-space - pre-line
Warning: Unable to parse declaration: background-image - element
Info: Unsupported CSS property detected: break-inside
Warning: Unable to parse declaration: left - anchor
Info: Unsupported CSS property detected: marker-start
Info: Unsupported CSS property detected: font-variant-numeric
Info: Unsupported CSS property detected: justify-self
Warning: Unable to parse declaration: border-top-style - inset
Warning: Unable to parse shorthand declaration: text-stroke - initial
Info: Unsupported CSS property detected: min-block-size
Info: Unsupported CSS property detected: list-style-type
Warning: Unable to parse declaration: border-left-style - ridge
Info: Unsupported CSS property detected: rotate
Info: Unsupported CSS property detected: border-block-end-style
Info: Unsupported CSS property detected: position-try-fallbacks
Info: Unsupported CSS property detected: list-style-type
Warning: Unable to parse declaration: text-underline-position - left
Info: Unsupported CSS property detected: position-area
Warning: Unable to parse declaration: text-align - start
Info: Unsupported CSS property detected: scroll-snap-stop
Info: Unsupported CSS property detected: position-area
Info: Unsupported CSS property detected: resize
Warning: Unable to parse declaration: display - table-column
Info: Unsupported CSS property detected: outline-style
Info: Unsupported CSS property detected: font-variant-numeric
Warning: Unable to parse declaration: coh-rendering-option - 0
Info: Unsupported CSS property detected: font-width
Info: Unsupported CSS property detected: list-style-type
Info: Disabling asynchronous style solving due to incompatible features - compositor or custom effect.
Warning: The all shorthand doesn't support:
1) getPropertyValue("all")
2) removeProperty("all")
3) Setting `el.style.all` directly to empty string or to null
 While executing JS D:/repos/frontend-tools/gameface-unsupported-features/probe-page/css-sheet-probe.html:1565:21
Warning: Trying to set "alignItems" property to invalid value: anchor-center
 While executing JS :15:33
Warning: Trying to set "alignItems" property to invalid value: baseline
 While executing JS :15:33
Warning: Trying to set "alignItems" property to invalid value: start
 While executing JS :15:33
Warning: Trying to set "alignItems" property to invalid value: end
 While executing JS :15:33
Warning: Trying to set "alignItems" property to invalid value: normal
 While executing JS :15:33
Warning: Trying to set "display" property to invalid value: contents
 While executing JS :15:33
Warning: Trying to set "display" property to invalid value: flow-root
 While executing JS :15:33
Warning: Trying to set "display" property to invalid value: grid
 While executing JS :15:33
Warning: Trying to set "display" property to invalid value: inline-block
 While executing JS :15:33
Warning: Trying to set "display" property to invalid value: inline-flex
 While executing JS :15:33
Warning: Trying to set "display" property to invalid value: inline-grid
 While executing JS :15:33
Warning: Trying to set "display" property to invalid value: inline-table
 While executing JS :15:33
Warning: Trying to set "display" property to invalid value: list-item
 While executing JS :15:33
Warning: Trying to set "display" property to invalid value: math
 While executing JS :15:33
Warning: Trying to set "display" property to invalid value: ruby
 While executing JS :15:33
Warning: Trying to set "display" property to invalid value: ruby-base
 While executing JS :15:33
Warning: Trying to set "display" property to invalid value: ruby-base-container
 While executing JS :15:33
Warning: Trying to set "display" property to invalid value: ruby-text
 While executing JS :15:33
Warning: Trying to set "display" property to invalid value: ruby-text-container
 While executing JS :15:33
Warning: Trying to set "display" property to invalid value: table
 While executing JS :15:33
Warning: Trying to set "display" property to invalid value: table-caption
 While executing JS :15:33
Warning: Trying to set "display" property to invalid value: table-cell
 While executing JS :15:33
Warning: Trying to set "display" property to invalid value: table-column
 While executing JS :15:33
Warning: Trying to set "display" property to invalid value: table-column-group
 While executing JS :15:33
Warning: Trying to set "display" property to invalid value: table-footer-group
 While executing JS :15:33
Warning: Trying to set "display" property to invalid value: table-header-group
 While executing JS :15:33
Warning: Trying to set "display" property to invalid value: table-row
 While executing JS :15:33
Warning: Trying to set "display" property to invalid value: table-row-group
 While executing JS :15:33
Warning: Trying to set "fontStyle" property to invalid value: oblique-angle
 While executing JS :15:33
Warning: Trying to set "fontWeight" property to invalid value: number
 While executing JS :15:33
Warning: Trying to set "justifyContent" property to invalid value: space-evenly
 While executing JS :15:33
Warning: Trying to set "justifyContent" property to invalid value: start
 While executing JS :15:33
Warning: Trying to set "justifyContent" property to invalid value: end
 While executing JS :15:33
Warning: Trying to set "justifyContent" property to invalid value: stretch
 While executing JS :15:33
Warning: Trying to set "justifyContent" property to invalid value: normal
 While executing JS :15:33
Warning: Trying to set "overflowX" property to invalid value: clip
 While executing JS :15:33
Warning: Trying to set "overflowY" property to invalid value: clip
 While executing JS :15:33
Warning: Trying to set "position" property to invalid value: sticky
 While executing JS :15:33
Warning: Trying to set "textAlign" property to invalid value: end
 While executing JS :15:33
Warning: Trying to set "textAlign" property to invalid value: match-parent
 While executing JS :15:33
Warning: Trying to set "textAlign" property to invalid value: start
 While executing JS :15:33
Warning: Trying to set "textOverflow" property to invalid value: string
 While executing JS :15:33
Warning: Trying to set "visibility" property to invalid value: collapse
 While executing JS :15:33
Warning: Trying to set "whiteSpace" property to invalid value: break-spaces
 While executing JS :15:33
Warning: Trying to set "whiteSpace" property to invalid value: pre-line
 While executing JS :15:33
Info: Reenabling asynchronous style solving as ALL incompatible features (compositor or custom effect) are no longer in use.
Warning: Unsupported CSS pseudo class selector encountered: active-view-transition
Warning: active-view-transition-type(
Warning: Unsupported CSS pseudo class selector encountered: active-view-transition-type
Warning: Unsupported CSS pseudo class selector encountered: any-link
Warning: Unsupported CSS pseudo class selector encountered: autofill
Warning: Unsupported CSS pseudo element encountered: backdrop
Warning: Unsupported CSS pseudo class selector encountered: buffering
Warning: Unsupported CSS pseudo class selector encountered: checked
Warning: Unsupported CSS pseudo element encountered: checkmark
Warning: Unsupported CSS pseudo class selector encountered: closed
Warning: CSS parsing error "syntax error" near text: |
Warning: CSS parsing error "syntax error" near text: |
Warning: CSS parsing error "syntax error" near text:  
Warning: Unsupported CSS pseudo element encountered: cue
